{"name":"Log","hostname":"cs-6000-devshell-vm-24f65c95-3637-4fd9-b862-f1983e352dc2","pid":2170,"level":30,"msg":"Creating table: posts","time":"2019-11-01T17:54:28.686Z","v":0}
{"name":"Log","hostname":"cs-6000-devshell-vm-24f65c95-3637-4fd9-b862-f1983e352dc2","pid":2170,"level":30,"msg":"Creating table: posts_meta","time":"2019-11-01T17:54:28.711Z","v":0}
{"name":"Log","hostname":"cs-6000-devshell-vm-24f65c95-3637-4fd9-b862-f1983e352dc2","pid":2170,"level":30,"msg":"Creating table: users","time":"2019-11-01T17:54:28.732Z","v":0}
{"name":"Log","hostname":"cs-6000-devshell-vm-24f65c95-3637-4fd9-b862-f1983e352dc2","pid":2170,"level":30,"msg":"Creating table: posts_authors","time":"2019-11-01T17:54:28.764Z","v":0}
{"name":"Log","hostname":"cs-6000-devshell-vm-24f65c95-3637-4fd9-b862-f1983e352dc2","pid":2170,"level":30,"msg":"Creating table: roles","time":"2019-11-01T17:54:28.778Z","v":0}
{"name":"Log","hostname":"cs-6000-devshell-vm-24f65c95-3637-4fd9-b862-f1983e352dc2","pid":2170,"level":30,"msg":"Creating table: roles_users","time":"2019-11-01T17:54:28.802Z","v":0}
{"name":"Log","hostname":"cs-6000-devshell-vm-24f65c95-3637-4fd9-b862-f1983e352dc2","pid":2170,"level":30,"msg":"Creating table: permissions","time":"2019-11-01T17:54:28.814Z","v":0}
{"name":"Log","hostname":"cs-6000-devshell-vm-24f65c95-3637-4fd9-b862-f1983e352dc2","pid":2170,"level":30,"msg":"Creating table: permissions_users","time":"2019-11-01T17:54:28.837Z","v":0}
{"name":"Log","hostname":"cs-6000-devshell-vm-24f65c95-3637-4fd9-b862-f1983e352dc2","pid":2170,"level":30,"msg":"Creating table: permissions_roles","time":"2019-11-01T17:54:28.848Z","v":0}
{"name":"Log","hostname":"cs-6000-devshell-vm-24f65c95-3637-4fd9-b862-f1983e352dc2","pid":2170,"level":30,"msg":"Creating table: permissions_apps","time":"2019-11-01T17:54:28.887Z","v":0}
{"name":"Log","hostname":"cs-6000-devshell-vm-24f65c95-3637-4fd9-b862-f1983e352dc2","pid":2170,"level":30,"msg":"Creating table: settings","time":"2019-11-01T17:54:28.900Z","v":0}
{"name":"Log","hostname":"cs-6000-devshell-vm-24f65c95-3637-4fd9-b862-f1983e352dc2","pid":2170,"level":30,"msg":"Creating table: tags","time":"2019-11-01T17:54:28.921Z","v":0}
{"name":"Log","hostname":"cs-6000-devshell-vm-24f65c95-3637-4fd9-b862-f1983e352dc2","pid":2170,"level":30,"msg":"Creating table: posts_tags","time":"2019-11-01T17:54:28.942Z","v":0}
{"name":"Log","hostname":"cs-6000-devshell-vm-24f65c95-3637-4fd9-b862-f1983e352dc2","pid":2170,"level":30,"msg":"Creating table: apps","time":"2019-11-01T17:54:28.954Z","v":0}
{"name":"Log","hostname":"cs-6000-devshell-vm-24f65c95-3637-4fd9-b862-f1983e352dc2","pid":2170,"level":30,"msg":"Creating table: app_settings","time":"2019-11-01T17:54:28.986Z","v":0}
{"name":"Log","hostname":"cs-6000-devshell-vm-24f65c95-3637-4fd9-b862-f1983e352dc2","pid":2170,"level":30,"msg":"Creating table: app_fields","time":"2019-11-01T17:54:29.010Z","v":0}
{"name":"Log","hostname":"cs-6000-devshell-vm-24f65c95-3637-4fd9-b862-f1983e352dc2","pid":2170,"level":30,"msg":"Creating table: invites","time":"2019-11-01T17:54:29.022Z","v":0}
{"name":"Log","hostname":"cs-6000-devshell-vm-24f65c95-3637-4fd9-b862-f1983e352dc2","pid":2170,"level":30,"msg":"Creating table: brute","time":"2019-11-01T17:54:29.055Z","v":0}
{"name":"Log","hostname":"cs-6000-devshell-vm-24f65c95-3637-4fd9-b862-f1983e352dc2","pid":2170,"level":30,"msg":"Creating table: webhooks","time":"2019-11-01T17:54:29.071Z","v":0}
{"name":"Log","hostname":"cs-6000-devshell-vm-24f65c95-3637-4fd9-b862-f1983e352dc2","pid":2170,"level":30,"msg":"Creating table: sessions","time":"2019-11-01T17:54:29.090Z","v":0}
{"name":"Log","hostname":"cs-6000-devshell-vm-24f65c95-3637-4fd9-b862-f1983e352dc2","pid":2170,"level":30,"msg":"Creating table: integrations","time":"2019-11-01T17:54:29.119Z","v":0}
{"name":"Log","hostname":"cs-6000-devshell-vm-24f65c95-3637-4fd9-b862-f1983e352dc2","pid":2170,"level":30,"msg":"Creating table: api_keys","time":"2019-11-01T17:54:29.140Z","v":0}
{"name":"Log","hostname":"cs-6000-devshell-vm-24f65c95-3637-4fd9-b862-f1983e352dc2","pid":2170,"level":30,"msg":"Creating table: mobiledoc_revisions","time":"2019-11-01T17:54:29.162Z","v":0}
{"name":"Log","hostname":"cs-6000-devshell-vm-24f65c95-3637-4fd9-b862-f1983e352dc2","pid":2170,"level":30,"msg":"Creating table: members","time":"2019-11-01T17:54:29.188Z","v":0}
{"name":"Log","hostname":"cs-6000-devshell-vm-24f65c95-3637-4fd9-b862-f1983e352dc2","pid":2170,"level":30,"msg":"Creating table: members_stripe_customers","time":"2019-11-01T17:54:29.213Z","v":0}
{"name":"Log","hostname":"cs-6000-devshell-vm-24f65c95-3637-4fd9-b862-f1983e352dc2","pid":2170,"level":30,"msg":"Creating table: members_stripe_customers_subscriptions","time":"2019-11-01T17:54:29.226Z","v":0}
{"name":"Log","hostname":"cs-6000-devshell-vm-24f65c95-3637-4fd9-b862-f1983e352dc2","pid":2170,"level":30,"msg":"Creating table: actions","time":"2019-11-01T17:54:29.247Z","v":0}
{"name":"Log","hostname":"cs-6000-devshell-vm-24f65c95-3637-4fd9-b862-f1983e352dc2","pid":2170,"level":30,"msg":"Model: Tag","time":"2019-11-01T17:54:29.283Z","v":0}
{"name":"Log","hostname":"cs-6000-devshell-vm-24f65c95-3637-4fd9-b862-f1983e352dc2","pid":2170,"level":30,"msg":"Model: Role","time":"2019-11-01T17:54:29.343Z","v":0}
{"name":"Log","hostname":"cs-6000-devshell-vm-24f65c95-3637-4fd9-b862-f1983e352dc2","pid":2170,"level":30,"msg":"Model: Permission","time":"2019-11-01T17:54:29.392Z","v":0}
{"name":"Log","hostname":"cs-6000-devshell-vm-24f65c95-3637-4fd9-b862-f1983e352dc2","pid":2170,"level":30,"msg":"Model: User","time":"2019-11-01T17:54:29.842Z","v":0}
{"name":"Log","hostname":"cs-6000-devshell-vm-24f65c95-3637-4fd9-b862-f1983e352dc2","pid":2170,"level":30,"msg":"Model: Post","time":"2019-11-01T17:54:30.635Z","v":0}
{"name":"Log","hostname":"cs-6000-devshell-vm-24f65c95-3637-4fd9-b862-f1983e352dc2","pid":2170,"level":30,"msg":"Model: Integration","time":"2019-11-01T17:54:31.221Z","v":0}
{"name":"Log","hostname":"cs-6000-devshell-vm-24f65c95-3637-4fd9-b862-f1983e352dc2","pid":2170,"level":30,"msg":"Relation: Role to Permission","time":"2019-11-01T17:54:31.285Z","v":0}
{"name":"Log","hostname":"cs-6000-devshell-vm-24f65c95-3637-4fd9-b862-f1983e352dc2","pid":2170,"level":30,"msg":"Relation: Post to Tag","time":"2019-11-01T17:54:31.942Z","v":0}
{"name":"Log","hostname":"cs-6000-devshell-vm-24f65c95-3637-4fd9-b862-f1983e352dc2","pid":2170,"level":30,"msg":"Relation: User to Role","time":"2019-11-01T17:54:32.013Z","v":0}
{"name":"Log","hostname":"cs-6000-devshell-vm-24f65c95-3637-4fd9-b862-f1983e352dc2","pid":2170,"level":30,"msg":"Ghost is running in development...","time":"2019-11-01T17:54:43.215Z","v":0}
{"name":"Log","hostname":"cs-6000-devshell-vm-24f65c95-3637-4fd9-b862-f1983e352dc2","pid":2170,"level":30,"msg":"Listening on: 127.0.0.1:2368","time":"2019-11-01T17:54:43.217Z","v":0}
{"name":"Log","hostname":"cs-6000-devshell-vm-24f65c95-3637-4fd9-b862-f1983e352dc2","pid":2170,"level":30,"msg":"Url configured as: http://localhost:2368/","time":"2019-11-01T17:54:43.218Z","v":0}
{"name":"Log","hostname":"cs-6000-devshell-vm-24f65c95-3637-4fd9-b862-f1983e352dc2","pid":2170,"level":30,"msg":"Ctrl+C to shut down","time":"2019-11-01T17:54:43.219Z","v":0}
{"name":"Log","hostname":"cs-6000-devshell-vm-24f65c95-3637-4fd9-b862-f1983e352dc2","pid":2170,"level":30,"msg":"Ghost boot 24.125s","time":"2019-11-01T17:54:43.241Z","v":0}
